node:internal/modules/cjs/loader:1386
  throw err;
  ^

Error: Cannot find module '@next/env'
Require stack:
- /app/node_modules/next/dist/server/config.js
- /app/node_modules/next/dist/cli/next-test.js
- /app/node_modules/next/dist/bin/next
    at Function.<anonymous> (node:internal/modules/cjs/loader:1383:15)
    at /app/node_modules/next/dist/server/require-hook.js:57:36
    at defaultResolveImpl (node:internal/modules/cjs/loader:1025:19)
    at resolveForCJSWithHooks (node:internal/modules/cjs/loader:1030:22)
    at Function._load (node:internal/modules/cjs/loader:1192:37)
    at TracingChannel.traceSync (node:diagnostics_channel:328:14)
    at wrapModuleLoad (node:internal/modules/cjs/loader:237:24)
    at Module.<anonymous> (node:internal/modules/cjs/loader:1463:12)
    at mod.require (/app/node_modules/next/dist/server/require-hook.js:68:28)
    at require (node:internal/modules/helpers:147:16) {
  code: 'MODULE_NOT_FOUND',
  requireStack: [
    '/app/node_modules/next/dist/server/config.js',
    '/app/node_modules/next/dist/cli/next-test.js',
    '/app/node_modules/next/dist/bin/next'
  ]
}

Node.js v22.22.0
